<?xml version="1.0" encoding="utf-8"?><testsuites name="pytest tests"><testsuite name="pytest" errors="0" failures="1" skipped="0" tests="26" time="14.731" timestamp="2026-05-18T21:34:59.255018+00:00" hostname="agent-env-a015c26b-0e18-464a-83b1-a611ba158a94"><testcase classname="backend.tests.test_backend.TestAuth" name="test_login_admin_sets_cookies" time="0.505" /><testcase classname="backend.tests.test_backend.TestAuth" name="test_me_after_login" time="0.453" /><testcase classname="backend.tests.test_backend.TestAuth" name="test_me_unauthenticated" time="0.141" /><testcase classname="backend.tests.test_backend.TestAuth" name="test_login_invalid" time="0.348" /><testcase classname="backend.tests.test_backend.TestAuth" name="test_logout_clears_session" time="0.464" /><testcase classname="backend.tests.test_backend.TestAuth" name="test_brute_force_lockout" time="0.451"><failure message="AssertionError: Expected 429 after 6 attempts, got 401&#10;assert 401 == 429">backend/tests/test_backend.py:59: in test_brute_force_lockout
    assert last_status == 429, f"Expected 429 after 6 attempts, got {last_status}"
E   AssertionError: Expected 429 after 6 attempts, got 401
E   assert 401 == 429</failure></testcase><testcase classname="backend.tests.test_backend.TestAuth" name="test_register_blocked_for_non_admin" time="0.434" /><testcase classname="backend.tests.test_backend.TestClients" name="test_list_clients_admin" time="0.086" /><testcase classname="backend.tests.test_backend.TestClients" name="test_list_clients_comercial_only_sees_own" time="0.156" /><testcase classname="backend.tests.test_backend.TestClients" name="test_search_clients" time="0.077" /><testcase classname="backend.tests.test_backend.TestClients" name="test_filter_by_estado" time="0.079" /><testcase classname="backend.tests.test_backend.TestClients" name="test_create_and_get_client" time="0.364" /><testcase classname="backend.tests.test_backend.TestClients" name="test_delete_blocked_for_comercial" time="0.240" /><testcase classname="backend.tests.test_backend.TestContracts" name="test_list_contracts_sorted" time="0.075" /><testcase classname="backend.tests.test_backend.TestContracts" name="test_create_update_delete_contract" time="0.441" /><testcase classname="backend.tests.test_backend.TestDashboard" name="test_dashboard_stats" time="0.078" /><testcase classname="backend.tests.test_backend.TestDashboard" name="test_dashboard_alerts" time="0.072" /><testcase classname="backend.tests.test_backend.TestDashboard" name="test_renovations_upcoming" time="0.073" /><testcase classname="backend.tests.test_backend.TestUsersMeta" name="test_list_users_authenticated" time="0.080" /><testcase classname="backend.tests.test_backend.TestUsersMeta" name="test_register_admin_creates_user" time="0.432" /><testcase classname="backend.tests.test_backend.TestUsersMeta" name="test_cannot_delete_self" time="0.135" /><testcase classname="backend.tests.test_backend.TestUsersMeta" name="test_meta_options" time="0.069" /><testcase classname="backend.tests.test_backend.TestNotifications" name="test_run_renewal_check_creates" time="0.073" /><testcase classname="backend.tests.test_backend.TestNotifications" name="test_list_notifications" time="0.144" /><testcase classname="backend.tests.test_backend.TestDocuments" name="test_upload_document_ocr_non_blocking" time="9.108" /><testcase classname="backend.tests.test_backend.TestDocuments" name="test_list_documents" time="0.076" /></testsuite></testsuites>